TN:
SF:src\router.ts
FN:31,(anonymous_0)
FN:46,(anonymous_1)
FNF:2
FNH:2
FNDA:4,(anonymous_0)
FNDA:5,(anonymous_1)
DA:1,2
DA:2,2
DA:3,2
DA:4,2
DA:7,2
DA:13,2
DA:14,2
DA:24,2
DA:31,4
DA:38,2
DA:46,5
DA:54,2
DA:62,2
DA:68,2
LF:14
LH:14
BRF:0
BRH:0
end_of_record
TN:
SF:src\server.ts
FN:7,(anonymous_1)
FN:23,(anonymous_2)
FNF:2
FNH:2
FNDA:3,(anonymous_1)
FNDA:1,(anonymous_2)
DA:1,2
DA:2,2
DA:3,2
DA:5,2
DA:7,2
DA:8,3
DA:9,3
DA:10,2
DA:14,1
DA:18,2
DA:20,2
DA:21,2
DA:23,2
DA:24,1
DA:27,2
LF:15
LH:15
BRF:0
BRH:0
end_of_record
TN:
SF:src\config\db.ts
FNF:0
FNH:0
DA:1,2
DA:2,2
DA:4,2
DA:7,2
DA:12,2
LF:5
LH:5
BRF:0
BRH:0
end_of_record
TN:
SF:src\handlers\product.ts
FN:7,(anonymous_1)
FN:15,(anonymous_2)
FN:30,(anonymous_3)
FN:38,(anonymous_4)
FN:56,(anonymous_5)
FN:74,(anonymous_6)
FNF:6
FNH:6
FNDA:2,(anonymous_1)
FNDA:2,(anonymous_2)
FNDA:1,(anonymous_3)
FNDA:2,(anonymous_4)
FNDA:2,(anonymous_5)
FNDA:2,(anonymous_6)
DA:2,2
DA:7,2
DA:8,2
DA:13,2
DA:15,2
DA:16,2
DA:17,2
DA:19,2
DA:20,1
DA:21,1
DA:24,1
DA:30,2
DA:31,1
DA:32,1
DA:38,2
DA:39,2
DA:40,2
DA:42,2
DA:43,1
DA:44,1
DA:47,1
DA:48,1
DA:50,1
DA:56,2
DA:57,2
DA:58,2
DA:60,2
DA:61,1
DA:62,1
DA:65,1
DA:66,1
DA:68,1
DA:74,2
DA:75,2
DA:76,2
DA:78,2
DA:79,1
DA:80,1
DA:83,1
DA:84,1
LF:40
LH:40
BRDA:19,0,0,1
BRDA:42,1,0,1
BRDA:60,2,0,1
BRDA:78,3,0,1
BRF:4
BRH:4
end_of_record
TN:
SF:src\middleware\index.ts
FN:4,(anonymous_0)
FNF:1
FNH:1
FNDA:17,(anonymous_0)
DA:2,2
DA:4,2
DA:7,17
DA:8,17
DA:9,8
DA:10,8
DA:14,9
LF:7
LH:7
BRDA:8,0,0,8
BRF:1
BRH:1
end_of_record
TN:
SF:src\models\Product.model.ts
FNF:0
FNH:0
DA:1,3
DA:11,3
DA:15,3
DA:20,3
DA:26,3
DA:29,3
LF:6
LH:6
BRF:0
BRH:0
end_of_record
